[ 2015-11-02T11:31:00+08:00 ] 127.0.0.1 /index.php/Supplier.index
INFO: [ app_init ] --START--
INFO: Run Behavior\BuildLiteBehavior [ RunTime:0.000000s ]
INFO: [ app_init ] --END-- [ RunTime:0.001000s ]
ERR: 无法加载模块:Supplier

[ 2015-11-02T11:31:10+08:00 ] 127.0.0.1 /index.php/Supplier/index
INFO: [ app_init ] --START--
INFO: Run Behavior\BuildLiteBehavior [ RunTime:0.000000s ]
INFO: [ app_init ] --END-- [ RunTime:0.001000s ]
ERR: 无法加载模块:Supplier

[ 2015-11-02T11:31:17+08:00 ] 127.0.0.1 /index.php/Admin/Supplier/index
INFO: [ app_init ] --START--
INFO: Run Behavior\BuildLiteBehavior [ RunTime:0.000000s ]
INFO: [ app_init ] --END-- [ RunTime:0.001000s ]
ERR: 无法加载模块:Admin

[ 2015-11-02T11:31:39+08:00 ] 127.0.0.1 /index.php/Supplier/index
INFO: [ app_init ] --START--
INFO: Run Behavior\BuildLiteBehavior [ RunTime:0.000500s ]
INFO: [ app_init ] --END-- [ RunTime:0.001500s ]
ERR: 无法加载模块:Supplier

